[31mERROR[0m:    [27-01-2024 20:39:35] Failed to set chroma_server_nofile to 65535: current limit exceeds maximum limit nofile soft limit will remain at 10240
[32mINFO[0m:     [27-01-2024 20:39:35] Anonymized telemetry enabled. See                     https://docs.trychroma.com/telemetry for more information.
[36mDEBUG[0m:    [27-01-2024 20:39:35] Starting component System
[36mDEBUG[0m:    [27-01-2024 20:39:35] Starting component OpenTelemetryClient
[36mDEBUG[0m:    [27-01-2024 20:39:35] Starting component SimpleAssignmentPolicy
[36mDEBUG[0m:    [27-01-2024 20:39:35] Starting component SqliteDB
[36mDEBUG[0m:    [27-01-2024 20:39:35] Starting component Posthog
[36mDEBUG[0m:    [27-01-2024 20:39:35] Starting component LocalSegmentManager
[36mDEBUG[0m:    [27-01-2024 20:39:35] Starting component SegmentAPI
[32mINFO[0m:     [27-01-2024 20:39:35] Started server process [[36m48683[0m]
[32mINFO[0m:     [27-01-2024 20:39:35] Waiting for application startup.
[32mINFO[0m:     [27-01-2024 20:39:35] Application startup complete.
[32mINFO[0m:     [27-01-2024 20:39:35] Uvicorn running on [1mhttp://localhost:8000[0m (Press CTRL+C to quit)
[31mERROR[0m:    [27-01-2024 20:44:23] Failed to set chroma_server_nofile to 65535: current limit exceeds maximum limit nofile soft limit will remain at 10240
[32mINFO[0m:     [27-01-2024 20:44:23] Anonymized telemetry enabled. See                     https://docs.trychroma.com/telemetry for more information.
[36mDEBUG[0m:    [27-01-2024 20:44:23] Starting component System
[36mDEBUG[0m:    [27-01-2024 20:44:23] Starting component OpenTelemetryClient
[36mDEBUG[0m:    [27-01-2024 20:44:23] Starting component SimpleAssignmentPolicy
[36mDEBUG[0m:    [27-01-2024 20:44:23] Starting component SqliteDB
[36mDEBUG[0m:    [27-01-2024 20:44:23] Starting component Posthog
[36mDEBUG[0m:    [27-01-2024 20:44:23] Starting component LocalSegmentManager
[36mDEBUG[0m:    [27-01-2024 20:44:23] Starting component SegmentAPI
[32mINFO[0m:     [27-01-2024 20:44:23] Started server process [[36m49007[0m]
[32mINFO[0m:     [27-01-2024 20:44:23] Waiting for application startup.
[32mINFO[0m:     [27-01-2024 20:44:23] Application startup complete.
[32mINFO[0m:     [27-01-2024 20:44:23] Uvicorn running on [1mhttp://localhost:8000[0m (Press CTRL+C to quit)
[31mERROR[0m:    [27-01-2024 20:50:02] Failed to set chroma_server_nofile to 65535: current limit exceeds maximum limit nofile soft limit will remain at 10240
[32mINFO[0m:     [27-01-2024 20:50:02] Anonymized telemetry enabled. See                     https://docs.trychroma.com/telemetry for more information.
[36mDEBUG[0m:    [27-01-2024 20:50:02] Starting component System
[36mDEBUG[0m:    [27-01-2024 20:50:02] Starting component OpenTelemetryClient
[36mDEBUG[0m:    [27-01-2024 20:50:02] Starting component SimpleAssignmentPolicy
[36mDEBUG[0m:    [27-01-2024 20:50:02] Starting component SqliteDB
[36mDEBUG[0m:    [27-01-2024 20:50:02] Starting component Posthog
[36mDEBUG[0m:    [27-01-2024 20:50:02] Starting component LocalSegmentManager
[36mDEBUG[0m:    [27-01-2024 20:50:02] Starting component SegmentAPI
[32mINFO[0m:     [27-01-2024 20:50:02] Started server process [[36m49303[0m]
[32mINFO[0m:     [27-01-2024 20:50:02] Waiting for application startup.
[32mINFO[0m:     [27-01-2024 20:50:02] Application startup complete.
[32mINFO[0m:     [27-01-2024 20:50:02] Uvicorn running on [1mhttp://localhost:8000[0m (Press CTRL+C to quit)
[31mERROR[0m:    [27-01-2024 20:53:07] Failed to set chroma_server_nofile to 65535: current limit exceeds maximum limit nofile soft limit will remain at 10240
[32mINFO[0m:     [27-01-2024 20:53:08] Anonymized telemetry enabled. See                     https://docs.trychroma.com/telemetry for more information.
[36mDEBUG[0m:    [27-01-2024 20:53:08] Starting component System
[36mDEBUG[0m:    [27-01-2024 20:53:08] Starting component OpenTelemetryClient
[36mDEBUG[0m:    [27-01-2024 20:53:08] Starting component SimpleAssignmentPolicy
[36mDEBUG[0m:    [27-01-2024 20:53:08] Starting component SqliteDB
[36mDEBUG[0m:    [27-01-2024 20:53:08] Starting component Posthog
[36mDEBUG[0m:    [27-01-2024 20:53:08] Starting component LocalSegmentManager
[36mDEBUG[0m:    [27-01-2024 20:53:08] Starting component SegmentAPI
[32mINFO[0m:     [27-01-2024 20:53:08] Started server process [[36m49537[0m]
[32mINFO[0m:     [27-01-2024 20:53:08] Waiting for application startup.
[32mINFO[0m:     [27-01-2024 20:53:08] Application startup complete.
[32mINFO[0m:     [27-01-2024 20:53:08] Uvicorn running on [1mhttp://localhost:8000[0m (Press CTRL+C to quit)
[31mERROR[0m:    [27-01-2024 20:57:57] Failed to set chroma_server_nofile to 65535: current limit exceeds maximum limit nofile soft limit will remain at 10240
[32mINFO[0m:     [27-01-2024 20:57:57] Anonymized telemetry enabled. See                     https://docs.trychroma.com/telemetry for more information.
[36mDEBUG[0m:    [27-01-2024 20:57:57] Starting component System
[36mDEBUG[0m:    [27-01-2024 20:57:57] Starting component OpenTelemetryClient
[36mDEBUG[0m:    [27-01-2024 20:57:57] Starting component SimpleAssignmentPolicy
[36mDEBUG[0m:    [27-01-2024 20:57:57] Starting component SqliteDB
[36mDEBUG[0m:    [27-01-2024 20:57:57] Starting component Posthog
[36mDEBUG[0m:    [27-01-2024 20:57:57] Starting component LocalSegmentManager
[36mDEBUG[0m:    [27-01-2024 20:57:57] Starting component SegmentAPI
[32mINFO[0m:     [27-01-2024 20:57:57] Started server process [[36m49869[0m]
[32mINFO[0m:     [27-01-2024 20:57:57] Waiting for application startup.
[32mINFO[0m:     [27-01-2024 20:57:57] Application startup complete.
[32mINFO[0m:     [27-01-2024 20:57:57] Uvicorn running on [1mhttp://localhost:8000[0m (Press CTRL+C to quit)
[32mINFO[0m:     [27-01-2024 20:59:47] ::1:64562 - "POST /api/v1/collections?tenant=default_tenant&database=default_database HTTP/1.1" 200
[32mINFO[0m:     [27-01-2024 20:59:47] ::1:64563 - "POST /api/v1/collections/b6df7476-52f1-46f8-95df-12134a4b139d/get HTTP/1.1" 200
[31mERROR[0m:    [27-01-2024 20:59:47] 
                You must provide either ids, where, or where_document to delete. If
                you want to delete all data in a collection you can delete the
                collection itself using the delete_collection method. Or alternatively,
                you can get() all the relevant ids and then delete them.
                
Traceback (most recent call last):
  File "/Users/Summer/Desktop/CoinCraft/server/venv/lib/python3.10/site-packages/anyio/streams/memory.py", line 97, in receive
    return self.receive_nowait()
  File "/Users/Summer/Desktop/CoinCraft/server/venv/lib/python3.10/site-packages/anyio/streams/memory.py", line 92, in receive_nowait
    raise WouldBlock
anyio.WouldBlock

During handling of the above exception, another exception occurred:

Traceback (most recent call last):
  File "/Users/Summer/Desktop/CoinCraft/server/venv/lib/python3.10/site-packages/starlette/middleware/base.py", line 159, in call_next
    message = await recv_stream.receive()
  File "/Users/Summer/Desktop/CoinCraft/server/venv/lib/python3.10/site-packages/anyio/streams/memory.py", line 112, in receive
    raise EndOfStream
anyio.EndOfStream

During handling of the above exception, another exception occurred:

Traceback (most recent call last):
  File "/Users/Summer/Desktop/CoinCraft/server/venv/lib/python3.10/site-packages/chromadb/server/fastapi/__init__.py", line 80, in catch_exceptions_middleware
    return await call_next(request)
  File "/Users/Summer/Desktop/CoinCraft/server/venv/lib/python3.10/site-packages/starlette/middleware/base.py", line 165, in call_next
    raise app_exc
  File "/Users/Summer/Desktop/CoinCraft/server/venv/lib/python3.10/site-packages/starlette/middleware/base.py", line 151, in coro
    await self.app(scope, receive_or_disconnect, send_no_error)
  File "/Users/Summer/Desktop/CoinCraft/server/venv/lib/python3.10/site-packages/starlette/middleware/base.py", line 189, in __call__
    with collapse_excgroups():
  File "/Library/Frameworks/Python.framework/Versions/3.10/lib/python3.10/contextlib.py", line 153, in __exit__
    self.gen.throw(typ, value, traceback)
  File "/Users/Summer/Desktop/CoinCraft/server/venv/lib/python3.10/site-packages/starlette/_utils.py", line 91, in collapse_excgroups
    raise exc
  File "/Users/Summer/Desktop/CoinCraft/server/venv/lib/python3.10/site-packages/starlette/middleware/base.py", line 191, in __call__
    response = await self.dispatch_func(request, call_next)
  File "/Users/Summer/Desktop/CoinCraft/server/venv/lib/python3.10/site-packages/chromadb/server/fastapi/__init__.py", line 94, in check_http_version_middleware
    return await call_next(request)
  File "/Users/Summer/Desktop/CoinCraft/server/venv/lib/python3.10/site-packages/starlette/middleware/base.py", line 165, in call_next
    raise app_exc
  File "/Users/Summer/Desktop/CoinCraft/server/venv/lib/python3.10/site-packages/starlette/middleware/base.py", line 151, in coro
    await self.app(scope, receive_or_disconnect, send_no_error)
  File "/Users/Summer/Desktop/CoinCraft/server/venv/lib/python3.10/site-packages/starlette/middleware/exceptions.py", line 62, in __call__
    await wrap_app_handling_exceptions(self.app, conn)(scope, receive, send)
  File "/Users/Summer/Desktop/CoinCraft/server/venv/lib/python3.10/site-packages/starlette/_exception_handler.py", line 64, in wrapped_app
    raise exc
  File "/Users/Summer/Desktop/CoinCraft/server/venv/lib/python3.10/site-packages/starlette/_exception_handler.py", line 53, in wrapped_app
    await app(scope, receive, sender)
  File "/Users/Summer/Desktop/CoinCraft/server/venv/lib/python3.10/site-packages/starlette/routing.py", line 762, in __call__
    await self.middleware_stack(scope, receive, send)
  File "/Users/Summer/Desktop/CoinCraft/server/venv/lib/python3.10/site-packages/starlette/routing.py", line 782, in app
    await route.handle(scope, receive, send)
  File "/Users/Summer/Desktop/CoinCraft/server/venv/lib/python3.10/site-packages/starlette/routing.py", line 297, in handle
    await self.app(scope, receive, send)
  File "/Users/Summer/Desktop/CoinCraft/server/venv/lib/python3.10/site-packages/starlette/routing.py", line 77, in app
    await wrap_app_handling_exceptions(app, request)(scope, receive, send)
  File "/Users/Summer/Desktop/CoinCraft/server/venv/lib/python3.10/site-packages/starlette/_exception_handler.py", line 64, in wrapped_app
    raise exc
  File "/Users/Summer/Desktop/CoinCraft/server/venv/lib/python3.10/site-packages/starlette/_exception_handler.py", line 53, in wrapped_app
    await app(scope, receive, sender)
  File "/Users/Summer/Desktop/CoinCraft/server/venv/lib/python3.10/site-packages/starlette/routing.py", line 72, in app
    response = await func(request)
  File "/Users/Summer/Desktop/CoinCraft/server/venv/lib/python3.10/site-packages/fastapi/routing.py", line 299, in app
    raise e
  File "/Users/Summer/Desktop/CoinCraft/server/venv/lib/python3.10/site-packages/fastapi/routing.py", line 294, in app
    raw_response = await run_endpoint_function(
  File "/Users/Summer/Desktop/CoinCraft/server/venv/lib/python3.10/site-packages/fastapi/routing.py", line 193, in run_endpoint_function
    return await run_in_threadpool(dependant.call, **values)
  File "/Users/Summer/Desktop/CoinCraft/server/venv/lib/python3.10/site-packages/starlette/concurrency.py", line 40, in run_in_threadpool
    return await anyio.to_thread.run_sync(func, *args)
  File "/Users/Summer/Desktop/CoinCraft/server/venv/lib/python3.10/site-packages/anyio/to_thread.py", line 56, in run_sync
    return await get_async_backend().run_sync_in_worker_thread(
  File "/Users/Summer/Desktop/CoinCraft/server/venv/lib/python3.10/site-packages/anyio/_backends/_asyncio.py", line 2134, in run_sync_in_worker_thread
    return await future
  File "/Users/Summer/Desktop/CoinCraft/server/venv/lib/python3.10/site-packages/anyio/_backends/_asyncio.py", line 851, in run
    result = context.run(func, *args)
  File "/Users/Summer/Desktop/CoinCraft/server/venv/lib/python3.10/site-packages/chromadb/telemetry/opentelemetry/__init__.py", line 127, in wrapper
    return f(*args, **kwargs)
  File "/Users/Summer/Desktop/CoinCraft/server/venv/lib/python3.10/site-packages/chromadb/auth/fastapi.py", line 234, in wrapped
    return f(*args, **kwargs)
  File "/Users/Summer/Desktop/CoinCraft/server/venv/lib/python3.10/site-packages/chromadb/server/fastapi/__init__.py", line 568, in delete
    return self._api._delete(
  File "/Users/Summer/Desktop/CoinCraft/server/venv/lib/python3.10/site-packages/chromadb/telemetry/opentelemetry/__init__.py", line 127, in wrapper
    return f(*args, **kwargs)
  File "/Users/Summer/Desktop/CoinCraft/server/venv/lib/python3.10/site-packages/chromadb/api/segment.py", line 599, in _delete
    raise ValueError(
ValueError: 
                You must provide either ids, where, or where_document to delete. If
                you want to delete all data in a collection you can delete the
                collection itself using the delete_collection method. Or alternatively,
                you can get() all the relevant ids and then delete them.
                
[32mINFO[0m:     [27-01-2024 20:59:47] ::1:64562 - "POST /api/v1/collections/b6df7476-52f1-46f8-95df-12134a4b139d/delete HTTP/1.1" 500
[32mINFO[0m:     [27-01-2024 20:59:47] ::1:64562 - "GET /api/v1/collections/b6df7476-52f1-46f8-95df-12134a4b139d/count HTTP/1.1" 200
